[1.558s] DEBUG:colcon:Command line arguments: ['/usr/bin/colcon', 'list', '-p', '--base-paths', '/home/robotica/Downloads/Taller1/taller1_grupo_4/ros2_ws']
[1.558s] DEBUG:colcon:Parsed command line arguments: Namespace(log_base=None, log_level=None, verb_name='list', build_base='build', ignore_user_meta=False, metas=['./colcon.meta'], base_paths=['/home/robotica/Downloads/Taller1/taller1_grupo_4/ros2_ws'], packages_ignore=None, packages_ignore_regex=None, paths=None, packages_up_to=None, packages_up_to_regex=None, packages_above=None, packages_above_and_dependencies=None, packages_above_depth=None, packages_select_by_dep=None, packages_skip_by_dep=None, packages_skip_up_to=None, packages_select_build_failed=False, packages_skip_build_finished=False, packages_select_test_failures=False, packages_skip_test_passed=False, packages_select=None, packages_skip=None, packages_select_regex=None, packages_skip_regex=None, packages_start=None, packages_end=None, allow_overriding=[], topological_order=False, names_only=False, paths_only=True, topological_graph=False, topological_graph_dot=False, topological_graph_density=False, topological_graph_legend=False, topological_graph_dot_cluster=False, topological_graph_dot_include_skipped=False, verb_parser=<colcon_defaults.argument_parser.defaults.DefaultArgumentsDecorator object at 0x795758c50700>, verb_extension=<colcon_package_information.verb.list.ListVerb object at 0x795758d64f70>, main=<bound method ListVerb.main of <colcon_package_information.verb.list.ListVerb object at 0x795758d64f70>>)
[4.053s] Level 1:colcon.colcon_core.package_discovery:discover_packages(colcon_meta) check parameters
[4.054s] Level 1:colcon.colcon_core.package_discovery:discover_packages(recursive) check parameters
[4.054s] Level 1:colcon.colcon_core.package_discovery:discover_packages(ignore) check parameters
[4.054s] Level 1:colcon.colcon_core.package_discovery:discover_packages(path) check parameters
[4.054s] Level 1:colcon.colcon_core.package_discovery:discover_packages(recursive) discover
[4.054s] INFO:colcon.colcon_core.package_discovery:Crawling recursively for packages in '/home/robotica/Downloads/Taller1/taller1_grupo_4/ros2_ws'
[4.054s] Level 1:colcon.colcon_core.package_identification:_identify(/home/robotica/Downloads/Taller1/taller1_grupo_4/ros2_ws) by extensions ['ignore', 'ignore_ament_install']
[4.055s] Level 1:colcon.colcon_core.package_identification:_identify(/home/robotica/Downloads/Taller1/taller1_grupo_4/ros2_ws) by extension 'ignore'
[4.055s] Level 1:colcon.colcon_core.package_identification:_identify(/home/robotica/Downloads/Taller1/taller1_grupo_4/ros2_ws) by extension 'ignore_ament_install'
[4.055s] Level 1:colcon.colcon_core.package_identification:_identify(/home/robotica/Downloads/Taller1/taller1_grupo_4/ros2_ws) by extensions ['colcon_pkg']
[4.055s] Level 1:colcon.colcon_core.package_identification:_identify(/home/robotica/Downloads/Taller1/taller1_grupo_4/ros2_ws) by extension 'colcon_pkg'
[4.055s] Level 1:colcon.colcon_core.package_identification:_identify(/home/robotica/Downloads/Taller1/taller1_grupo_4/ros2_ws) by extensions ['colcon_meta']
[4.055s] Level 1:colcon.colcon_core.package_identification:_identify(/home/robotica/Downloads/Taller1/taller1_grupo_4/ros2_ws) by extension 'colcon_meta'
[4.055s] Level 1:colcon.colcon_core.package_identification:_identify(/home/robotica/Downloads/Taller1/taller1_grupo_4/ros2_ws) by extensions ['ros']
[4.055s] Level 1:colcon.colcon_core.package_identification:_identify(/home/robotica/Downloads/Taller1/taller1_grupo_4/ros2_ws) by extension 'ros'
[4.111s] Level 1:colcon.colcon_core.package_identification:_identify(/home/robotica/Downloads/Taller1/taller1_grupo_4/ros2_ws) by extensions ['cmake', 'python']
[4.112s] Level 1:colcon.colcon_core.package_identification:_identify(/home/robotica/Downloads/Taller1/taller1_grupo_4/ros2_ws) by extension 'cmake'
[4.112s] Level 1:colcon.colcon_core.package_identification:_identify(/home/robotica/Downloads/Taller1/taller1_grupo_4/ros2_ws) by extension 'python'
[4.112s] Level 1:colcon.colcon_core.package_identification:_identify(/home/robotica/Downloads/Taller1/taller1_grupo_4/ros2_ws) by extensions ['python_setup_py']
[4.112s] Level 1:colcon.colcon_core.package_identification:_identify(/home/robotica/Downloads/Taller1/taller1_grupo_4/ros2_ws) by extension 'python_setup_py'
[4.112s] Level 1:colcon.colcon_core.package_identification:_identify(/home/robotica/Downloads/Taller1/taller1_grupo_4/ros2_ws/build) by extensions ['ignore', 'ignore_ament_install']
[4.112s] Level 1:colcon.colcon_core.package_identification:_identify(/home/robotica/Downloads/Taller1/taller1_grupo_4/ros2_ws/build) by extension 'ignore'
[4.112s] Level 1:colcon.colcon_core.package_identification:_identify(/home/robotica/Downloads/Taller1/taller1_grupo_4/ros2_ws/build) ignored
[4.113s] Level 1:colcon.colcon_core.package_identification:_identify(/home/robotica/Downloads/Taller1/taller1_grupo_4/ros2_ws/install) by extensions ['ignore', 'ignore_ament_install']
[4.132s] Level 1:colcon.colcon_core.package_identification:_identify(/home/robotica/Downloads/Taller1/taller1_grupo_4/ros2_ws/install) by extension 'ignore'
[4.132s] Level 1:colcon.colcon_core.package_identification:_identify(/home/robotica/Downloads/Taller1/taller1_grupo_4/ros2_ws/install) ignored
[4.132s] Level 1:colcon.colcon_core.package_identification:_identify(/home/robotica/Downloads/Taller1/taller1_grupo_4/ros2_ws/log) by extensions ['ignore', 'ignore_ament_install']
[4.133s] Level 1:colcon.colcon_core.package_identification:_identify(/home/robotica/Downloads/Taller1/taller1_grupo_4/ros2_ws/log) by extension 'ignore'
[4.133s] Level 1:colcon.colcon_core.package_identification:_identify(/home/robotica/Downloads/Taller1/taller1_grupo_4/ros2_ws/log) ignored
[4.133s] Level 1:colcon.colcon_core.package_identification:_identify(/home/robotica/Downloads/Taller1/taller1_grupo_4/ros2_ws/src) by extensions ['ignore', 'ignore_ament_install']
[4.135s] Level 1:colcon.colcon_core.package_identification:_identify(/home/robotica/Downloads/Taller1/taller1_grupo_4/ros2_ws/src) by extension 'ignore'
[4.136s] Level 1:colcon.colcon_core.package_identification:_identify(/home/robotica/Downloads/Taller1/taller1_grupo_4/ros2_ws/src) by extension 'ignore_ament_install'
[4.136s] Level 1:colcon.colcon_core.package_identification:_identify(/home/robotica/Downloads/Taller1/taller1_grupo_4/ros2_ws/src) by extensions ['colcon_pkg']
[4.136s] Level 1:colcon.colcon_core.package_identification:_identify(/home/robotica/Downloads/Taller1/taller1_grupo_4/ros2_ws/src) by extension 'colcon_pkg'
[4.136s] Level 1:colcon.colcon_core.package_identification:_identify(/home/robotica/Downloads/Taller1/taller1_grupo_4/ros2_ws/src) by extensions ['colcon_meta']
[4.136s] Level 1:colcon.colcon_core.package_identification:_identify(/home/robotica/Downloads/Taller1/taller1_grupo_4/ros2_ws/src) by extension 'colcon_meta'
[4.136s] Level 1:colcon.colcon_core.package_identification:_identify(/home/robotica/Downloads/Taller1/taller1_grupo_4/ros2_ws/src) by extensions ['ros']
[4.136s] Level 1:colcon.colcon_core.package_identification:_identify(/home/robotica/Downloads/Taller1/taller1_grupo_4/ros2_ws/src) by extension 'ros'
[4.136s] Level 1:colcon.colcon_core.package_identification:_identify(/home/robotica/Downloads/Taller1/taller1_grupo_4/ros2_ws/src) by extensions ['cmake', 'python']
[4.136s] Level 1:colcon.colcon_core.package_identification:_identify(/home/robotica/Downloads/Taller1/taller1_grupo_4/ros2_ws/src) by extension 'cmake'
[4.136s] Level 1:colcon.colcon_core.package_identification:_identify(/home/robotica/Downloads/Taller1/taller1_grupo_4/ros2_ws/src) by extension 'python'
[4.137s] Level 1:colcon.colcon_core.package_identification:_identify(/home/robotica/Downloads/Taller1/taller1_grupo_4/ros2_ws/src) by extensions ['python_setup_py']
[4.137s] Level 1:colcon.colcon_core.package_identification:_identify(/home/robotica/Downloads/Taller1/taller1_grupo_4/ros2_ws/src) by extension 'python_setup_py'
[4.138s] Level 1:colcon.colcon_core.package_identification:_identify(/home/robotica/Downloads/Taller1/taller1_grupo_4/ros2_ws/src/differential_robot) by extensions ['ignore', 'ignore_ament_install']
[4.138s] Level 1:colcon.colcon_core.package_identification:_identify(/home/robotica/Downloads/Taller1/taller1_grupo_4/ros2_ws/src/differential_robot) by extension 'ignore'
[4.138s] Level 1:colcon.colcon_core.package_identification:_identify(/home/robotica/Downloads/Taller1/taller1_grupo_4/ros2_ws/src/differential_robot) by extension 'ignore_ament_install'
[4.139s] Level 1:colcon.colcon_core.package_identification:_identify(/home/robotica/Downloads/Taller1/taller1_grupo_4/ros2_ws/src/differential_robot) by extensions ['colcon_pkg']
[4.139s] Level 1:colcon.colcon_core.package_identification:_identify(/home/robotica/Downloads/Taller1/taller1_grupo_4/ros2_ws/src/differential_robot) by extension 'colcon_pkg'
[4.139s] Level 1:colcon.colcon_core.package_identification:_identify(/home/robotica/Downloads/Taller1/taller1_grupo_4/ros2_ws/src/differential_robot) by extensions ['colcon_meta']
[4.139s] Level 1:colcon.colcon_core.package_identification:_identify(/home/robotica/Downloads/Taller1/taller1_grupo_4/ros2_ws/src/differential_robot) by extension 'colcon_meta'
[4.139s] Level 1:colcon.colcon_core.package_identification:_identify(/home/robotica/Downloads/Taller1/taller1_grupo_4/ros2_ws/src/differential_robot) by extensions ['ros']
[4.139s] Level 1:colcon.colcon_core.package_identification:_identify(/home/robotica/Downloads/Taller1/taller1_grupo_4/ros2_ws/src/differential_robot) by extension 'ros'
[4.158s] DEBUG:colcon.colcon_core.package_identification:Package '/home/robotica/Downloads/Taller1/taller1_grupo_4/ros2_ws/src/differential_robot' with type 'ros.ament_python' and name 'differential_robot'
[4.160s] Level 1:colcon.colcon_core.package_discovery:discover_packages(recursive) using defaults
