[0.954s] DEBUG:colcon:Command line arguments: ['/usr/bin/colcon', 'list', '-p', '--base-paths', '/home/robotica/Desktop/taller1_grupo_4/ros2_ws']
[0.955s] DEBUG:colcon:Parsed command line arguments: Namespace(log_base=None, log_level=None, verb_name='list', build_base='build', ignore_user_meta=False, metas=['./colcon.meta'], base_paths=['/home/robotica/Desktop/taller1_grupo_4/ros2_ws'], packages_ignore=None, packages_ignore_regex=None, paths=None, packages_up_to=None, packages_up_to_regex=None, packages_above=None, packages_above_and_dependencies=None, packages_above_depth=None, packages_select_by_dep=None, packages_skip_by_dep=None, packages_skip_up_to=None, packages_select_build_failed=False, packages_skip_build_finished=False, packages_select_test_failures=False, packages_skip_test_passed=False, packages_select=None, packages_skip=None, packages_select_regex=None, packages_skip_regex=None, packages_start=None, packages_end=None, allow_overriding=[], topological_order=False, names_only=False, paths_only=True, topological_graph=False, topological_graph_dot=False, topological_graph_density=False, topological_graph_legend=False, topological_graph_dot_cluster=False, topological_graph_dot_include_skipped=False, verb_parser=<colcon_defaults.argument_parser.defaults.DefaultArgumentsDecorator object at 0x7f5616a1cb80>, verb_extension=<colcon_package_information.verb.list.ListVerb object at 0x7f5616b29420>, main=<bound method ListVerb.main of <colcon_package_information.verb.list.ListVerb object at 0x7f5616b29420>>)
[2.044s] Level 1:colcon.colcon_core.package_discovery:discover_packages(colcon_meta) check parameters
[2.044s] Level 1:colcon.colcon_core.package_discovery:discover_packages(recursive) check parameters
[2.061s] Level 1:colcon.colcon_core.package_discovery:discover_packages(ignore) check parameters
[2.061s] Level 1:colcon.colcon_core.package_discovery:discover_packages(path) check parameters
[2.061s] Level 1:colcon.colcon_core.package_discovery:discover_packages(recursive) discover
[2.062s] INFO:colcon.colcon_core.package_discovery:Crawling recursively for packages in '/home/robotica/Desktop/taller1_grupo_4/ros2_ws'
[2.062s] Level 1:colcon.colcon_core.package_identification:_identify(/home/robotica/Desktop/taller1_grupo_4/ros2_ws) by extensions ['ignore', 'ignore_ament_install']
[2.064s] Level 1:colcon.colcon_core.package_identification:_identify(/home/robotica/Desktop/taller1_grupo_4/ros2_ws) by extension 'ignore'
[2.065s] Level 1:colcon.colcon_core.package_identification:_identify(/home/robotica/Desktop/taller1_grupo_4/ros2_ws) by extension 'ignore_ament_install'
[2.065s] Level 1:colcon.colcon_core.package_identification:_identify(/home/robotica/Desktop/taller1_grupo_4/ros2_ws) by extensions ['colcon_pkg']
[2.065s] Level 1:colcon.colcon_core.package_identification:_identify(/home/robotica/Desktop/taller1_grupo_4/ros2_ws) by extension 'colcon_pkg'
[2.065s] Level 1:colcon.colcon_core.package_identification:_identify(/home/robotica/Desktop/taller1_grupo_4/ros2_ws) by extensions ['colcon_meta']
[2.065s] Level 1:colcon.colcon_core.package_identification:_identify(/home/robotica/Desktop/taller1_grupo_4/ros2_ws) by extension 'colcon_meta'
[2.065s] Level 1:colcon.colcon_core.package_identification:_identify(/home/robotica/Desktop/taller1_grupo_4/ros2_ws) by extensions ['ros']
[2.065s] Level 1:colcon.colcon_core.package_identification:_identify(/home/robotica/Desktop/taller1_grupo_4/ros2_ws) by extension 'ros'
[2.126s] Level 1:colcon.colcon_core.package_identification:_identify(/home/robotica/Desktop/taller1_grupo_4/ros2_ws) by extensions ['cmake', 'python']
[2.126s] Level 1:colcon.colcon_core.package_identification:_identify(/home/robotica/Desktop/taller1_grupo_4/ros2_ws) by extension 'cmake'
[2.126s] Level 1:colcon.colcon_core.package_identification:_identify(/home/robotica/Desktop/taller1_grupo_4/ros2_ws) by extension 'python'
[2.126s] Level 1:colcon.colcon_core.package_identification:_identify(/home/robotica/Desktop/taller1_grupo_4/ros2_ws) by extensions ['python_setup_py']
[2.126s] Level 1:colcon.colcon_core.package_identification:_identify(/home/robotica/Desktop/taller1_grupo_4/ros2_ws) by extension 'python_setup_py'
[2.127s] Level 1:colcon.colcon_core.package_identification:_identify(/home/robotica/Desktop/taller1_grupo_4/ros2_ws/build) by extensions ['ignore', 'ignore_ament_install']
[2.127s] Level 1:colcon.colcon_core.package_identification:_identify(/home/robotica/Desktop/taller1_grupo_4/ros2_ws/build) by extension 'ignore'
[2.127s] Level 1:colcon.colcon_core.package_identification:_identify(/home/robotica/Desktop/taller1_grupo_4/ros2_ws/build) ignored
[2.127s] Level 1:colcon.colcon_core.package_identification:_identify(/home/robotica/Desktop/taller1_grupo_4/ros2_ws/install) by extensions ['ignore', 'ignore_ament_install']
[2.128s] Level 1:colcon.colcon_core.package_identification:_identify(/home/robotica/Desktop/taller1_grupo_4/ros2_ws/install) by extension 'ignore'
[2.128s] Level 1:colcon.colcon_core.package_identification:_identify(/home/robotica/Desktop/taller1_grupo_4/ros2_ws/install) ignored
[2.128s] Level 1:colcon.colcon_core.package_identification:_identify(/home/robotica/Desktop/taller1_grupo_4/ros2_ws/log) by extensions ['ignore', 'ignore_ament_install']
[2.128s] Level 1:colcon.colcon_core.package_identification:_identify(/home/robotica/Desktop/taller1_grupo_4/ros2_ws/log) by extension 'ignore'
[2.128s] Level 1:colcon.colcon_core.package_identification:_identify(/home/robotica/Desktop/taller1_grupo_4/ros2_ws/log) ignored
[2.128s] Level 1:colcon.colcon_core.package_identification:_identify(/home/robotica/Desktop/taller1_grupo_4/ros2_ws/src) by extensions ['ignore', 'ignore_ament_install']
[2.128s] Level 1:colcon.colcon_core.package_identification:_identify(/home/robotica/Desktop/taller1_grupo_4/ros2_ws/src) by extension 'ignore'
[2.128s] Level 1:colcon.colcon_core.package_identification:_identify(/home/robotica/Desktop/taller1_grupo_4/ros2_ws/src) by extension 'ignore_ament_install'
[2.128s] Level 1:colcon.colcon_core.package_identification:_identify(/home/robotica/Desktop/taller1_grupo_4/ros2_ws/src) by extensions ['colcon_pkg']
[2.128s] Level 1:colcon.colcon_core.package_identification:_identify(/home/robotica/Desktop/taller1_grupo_4/ros2_ws/src) by extension 'colcon_pkg'
[2.128s] Level 1:colcon.colcon_core.package_identification:_identify(/home/robotica/Desktop/taller1_grupo_4/ros2_ws/src) by extensions ['colcon_meta']
[2.128s] Level 1:colcon.colcon_core.package_identification:_identify(/home/robotica/Desktop/taller1_grupo_4/ros2_ws/src) by extension 'colcon_meta'
[2.128s] Level 1:colcon.colcon_core.package_identification:_identify(/home/robotica/Desktop/taller1_grupo_4/ros2_ws/src) by extensions ['ros']
[2.128s] Level 1:colcon.colcon_core.package_identification:_identify(/home/robotica/Desktop/taller1_grupo_4/ros2_ws/src) by extension 'ros'
[2.129s] Level 1:colcon.colcon_core.package_identification:_identify(/home/robotica/Desktop/taller1_grupo_4/ros2_ws/src) by extensions ['cmake', 'python']
[2.129s] Level 1:colcon.colcon_core.package_identification:_identify(/home/robotica/Desktop/taller1_grupo_4/ros2_ws/src) by extension 'cmake'
[2.129s] Level 1:colcon.colcon_core.package_identification:_identify(/home/robotica/Desktop/taller1_grupo_4/ros2_ws/src) by extension 'python'
[2.129s] Level 1:colcon.colcon_core.package_identification:_identify(/home/robotica/Desktop/taller1_grupo_4/ros2_ws/src) by extensions ['python_setup_py']
[2.129s] Level 1:colcon.colcon_core.package_identification:_identify(/home/robotica/Desktop/taller1_grupo_4/ros2_ws/src) by extension 'python_setup_py'
[2.129s] Level 1:colcon.colcon_core.package_identification:_identify(/home/robotica/Desktop/taller1_grupo_4/ros2_ws/src/differential_robot) by extensions ['ignore', 'ignore_ament_install']
[2.129s] Level 1:colcon.colcon_core.package_identification:_identify(/home/robotica/Desktop/taller1_grupo_4/ros2_ws/src/differential_robot) by extension 'ignore'
[2.129s] Level 1:colcon.colcon_core.package_identification:_identify(/home/robotica/Desktop/taller1_grupo_4/ros2_ws/src/differential_robot) by extension 'ignore_ament_install'
[2.129s] Level 1:colcon.colcon_core.package_identification:_identify(/home/robotica/Desktop/taller1_grupo_4/ros2_ws/src/differential_robot) by extensions ['colcon_pkg']
[2.129s] Level 1:colcon.colcon_core.package_identification:_identify(/home/robotica/Desktop/taller1_grupo_4/ros2_ws/src/differential_robot) by extension 'colcon_pkg'
[2.129s] Level 1:colcon.colcon_core.package_identification:_identify(/home/robotica/Desktop/taller1_grupo_4/ros2_ws/src/differential_robot) by extensions ['colcon_meta']
[2.129s] Level 1:colcon.colcon_core.package_identification:_identify(/home/robotica/Desktop/taller1_grupo_4/ros2_ws/src/differential_robot) by extension 'colcon_meta'
[2.129s] Level 1:colcon.colcon_core.package_identification:_identify(/home/robotica/Desktop/taller1_grupo_4/ros2_ws/src/differential_robot) by extensions ['ros']
[2.129s] Level 1:colcon.colcon_core.package_identification:_identify(/home/robotica/Desktop/taller1_grupo_4/ros2_ws/src/differential_robot) by extension 'ros'
[2.189s] DEBUG:colcon.colcon_core.package_identification:Package '/home/robotica/Desktop/taller1_grupo_4/ros2_ws/src/differential_robot' with type 'ros.ament_python' and name 'differential_robot'
[2.189s] Level 1:colcon.colcon_core.package_discovery:discover_packages(recursive) using defaults
