[0.122s] DEBUG:colcon:Command line arguments: ['/usr/bin/colcon', 'build', '--symlink-install']
[0.122s] DEBUG:colcon:Parsed command line arguments: Namespace(log_base=None, log_level=None, verb_name='build', build_base='build', install_base='install', merge_install=False, symlink_install=True, test_result_base=None, continue_on_error=False, executor='parallel', parallel_workers=2, event_handlers=None, ignore_user_meta=False, metas=['./colcon.meta'], base_paths=['.'], packages_ignore=None, packages_ignore_regex=None, paths=None, packages_up_to=None, packages_up_to_regex=None, packages_above=None, packages_above_and_dependencies=None, packages_above_depth=None, packages_select_by_dep=None, packages_skip_by_dep=None, packages_skip_up_to=None, packages_select_build_failed=False, packages_skip_build_finished=False, packages_select_test_failures=False, packages_skip_test_passed=False, packages_select=None, packages_skip=None, packages_select_regex=None, packages_skip_regex=None, packages_start=None, packages_end=None, allow_overriding=[], cmake_args=None, cmake_target=None, cmake_target_skip_unavailable=False, cmake_clean_cache=False, cmake_clean_first=False, cmake_force_configure=False, ament_cmake_args=None, catkin_cmake_args=None, catkin_skip_building_tests=False, verb_parser=<colcon_defaults.argument_parser.defaults.DefaultArgumentsDecorator object at 0x7e984651eb30>, verb_extension=<colcon_core.verb.build.BuildVerb object at 0x7e984651e590>, main=<bound method BuildVerb.main of <colcon_core.verb.build.BuildVerb object at 0x7e984651e590>>)
[0.305s] Level 1:colcon.colcon_core.package_discovery:discover_packages(colcon_meta) check parameters
[0.305s] Level 1:colcon.colcon_core.package_discovery:discover_packages(recursive) check parameters
[0.305s] Level 1:colcon.colcon_core.package_discovery:discover_packages(ignore) check parameters
[0.305s] Level 1:colcon.colcon_core.package_discovery:discover_packages(path) check parameters
[0.305s] Level 1:colcon.colcon_core.package_discovery:discover_packages(colcon_meta) discover
[0.305s] Level 1:colcon.colcon_core.package_discovery:discover_packages(recursive) discover
[0.305s] INFO:colcon.colcon_core.package_discovery:Crawling recursively for packages in '/home/robotica/Downloads/Taller1/taller1_grupo_4/ros2_ws'
[0.305s] Level 1:colcon.colcon_core.package_identification:_identify(.) by extensions ['ignore', 'ignore_ament_install']
[0.305s] Level 1:colcon.colcon_core.package_identification:_identify(.) by extension 'ignore'
[0.305s] Level 1:colcon.colcon_core.package_identification:_identify(.) by extension 'ignore_ament_install'
[0.305s] Level 1:colcon.colcon_core.package_identification:_identify(.) by extensions ['colcon_pkg']
[0.305s] Level 1:colcon.colcon_core.package_identification:_identify(.) by extension 'colcon_pkg'
[0.305s] Level 1:colcon.colcon_core.package_identification:_identify(.) by extensions ['colcon_meta']
[0.305s] Level 1:colcon.colcon_core.package_identification:_identify(.) by extension 'colcon_meta'
[0.305s] Level 1:colcon.colcon_core.package_identification:_identify(.) by extensions ['ros']
[0.305s] Level 1:colcon.colcon_core.package_identification:_identify(.) by extension 'ros'
[0.324s] Level 1:colcon.colcon_core.package_identification:_identify(.) by extensions ['cmake', 'python']
[0.324s] Level 1:colcon.colcon_core.package_identification:_identify(.) by extension 'cmake'
[0.324s] Level 1:colcon.colcon_core.package_identification:_identify(.) by extension 'python'
[0.324s] Level 1:colcon.colcon_core.package_identification:_identify(.) by extensions ['python_setup_py']
[0.324s] Level 1:colcon.colcon_core.package_identification:_identify(.) by extension 'python_setup_py'
[0.324s] Level 1:colcon.colcon_core.package_identification:_identify(build) by extensions ['ignore', 'ignore_ament_install']
[0.324s] Level 1:colcon.colcon_core.package_identification:_identify(build) by extension 'ignore'
[0.324s] Level 1:colcon.colcon_core.package_identification:_identify(build) ignored
[0.324s] Level 1:colcon.colcon_core.package_identification:_identify(install) by extensions ['ignore', 'ignore_ament_install']
[0.325s] Level 1:colcon.colcon_core.package_identification:_identify(install) by extension 'ignore'
[0.325s] Level 1:colcon.colcon_core.package_identification:_identify(install) ignored
[0.325s] Level 1:colcon.colcon_core.package_identification:_identify(log) by extensions ['ignore', 'ignore_ament_install']
[0.325s] Level 1:colcon.colcon_core.package_identification:_identify(log) by extension 'ignore'
[0.325s] Level 1:colcon.colcon_core.package_identification:_identify(log) ignored
[0.325s] Level 1:colcon.colcon_core.package_identification:_identify(src) by extensions ['ignore', 'ignore_ament_install']
[0.325s] Level 1:colcon.colcon_core.package_identification:_identify(src) by extension 'ignore'
[0.325s] Level 1:colcon.colcon_core.package_identification:_identify(src) by extension 'ignore_ament_install'
[0.326s] Level 1:colcon.colcon_core.package_identification:_identify(src) by extensions ['colcon_pkg']
[0.326s] Level 1:colcon.colcon_core.package_identification:_identify(src) by extension 'colcon_pkg'
[0.326s] Level 1:colcon.colcon_core.package_identification:_identify(src) by extensions ['colcon_meta']
[0.326s] Level 1:colcon.colcon_core.package_identification:_identify(src) by extension 'colcon_meta'
[0.326s] Level 1:colcon.colcon_core.package_identification:_identify(src) by extensions ['ros']
[0.326s] Level 1:colcon.colcon_core.package_identification:_identify(src) by extension 'ros'
[0.326s] Level 1:colcon.colcon_core.package_identification:_identify(src) by extensions ['cmake', 'python']
[0.326s] Level 1:colcon.colcon_core.package_identification:_identify(src) by extension 'cmake'
[0.326s] Level 1:colcon.colcon_core.package_identification:_identify(src) by extension 'python'
[0.326s] Level 1:colcon.colcon_core.package_identification:_identify(src) by extensions ['python_setup_py']
[0.326s] Level 1:colcon.colcon_core.package_identification:_identify(src) by extension 'python_setup_py'
[0.326s] Level 1:colcon.colcon_core.package_identification:_identify(src/differential_robot) by extensions ['ignore', 'ignore_ament_install']
[0.326s] Level 1:colcon.colcon_core.package_identification:_identify(src/differential_robot) by extension 'ignore'
[0.326s] Level 1:colcon.colcon_core.package_identification:_identify(src/differential_robot) by extension 'ignore_ament_install'
[0.327s] Level 1:colcon.colcon_core.package_identification:_identify(src/differential_robot) by extensions ['colcon_pkg']
[0.327s] Level 1:colcon.colcon_core.package_identification:_identify(src/differential_robot) by extension 'colcon_pkg'
[0.327s] Level 1:colcon.colcon_core.package_identification:_identify(src/differential_robot) by extensions ['colcon_meta']
[0.327s] Level 1:colcon.colcon_core.package_identification:_identify(src/differential_robot) by extension 'colcon_meta'
[0.327s] Level 1:colcon.colcon_core.package_identification:_identify(src/differential_robot) by extensions ['ros']
[0.327s] Level 1:colcon.colcon_core.package_identification:_identify(src/differential_robot) by extension 'ros'
[0.331s] DEBUG:colcon.colcon_core.package_identification:Package 'src/differential_robot' with type 'ros.ament_python' and name 'differential_robot'
[0.331s] Level 1:colcon.colcon_core.package_discovery:discover_packages(recursive) using defaults
[0.331s] Level 1:colcon.colcon_core.package_discovery:discover_packages(ignore) discover
[0.331s] Level 1:colcon.colcon_core.package_discovery:discover_packages(ignore) using defaults
[0.331s] Level 1:colcon.colcon_core.package_discovery:discover_packages(path) discover
[0.331s] Level 1:colcon.colcon_core.package_discovery:discover_packages(path) using defaults
[0.354s] Level 1:colcon.colcon_core.package_discovery:discover_packages(prefix_path) check parameters
[0.354s] Level 1:colcon.colcon_core.package_discovery:discover_packages(prefix_path) discover
[0.356s] DEBUG:colcon.colcon_installed_package_information.package_discovery:Found 1 installed packages in /home/robotica/ros2_ws/install
[0.358s] DEBUG:colcon.colcon_installed_package_information.package_discovery:Found 270 installed packages in /opt/ros/humble
[0.360s] Level 1:colcon.colcon_core.package_discovery:discover_packages(prefix_path) using defaults
[0.423s] Level 5:colcon.colcon_core.verb:set package 'differential_robot' build argument 'cmake_args' from command line to 'None'
[0.423s] Level 5:colcon.colcon_core.verb:set package 'differential_robot' build argument 'cmake_target' from command line to 'None'
[0.423s] Level 5:colcon.colcon_core.verb:set package 'differential_robot' build argument 'cmake_target_skip_unavailable' from command line to 'False'
[0.423s] Level 5:colcon.colcon_core.verb:set package 'differential_robot' build argument 'cmake_clean_cache' from command line to 'False'
[0.423s] Level 5:colcon.colcon_core.verb:set package 'differential_robot' build argument 'cmake_clean_first' from command line to 'False'
[0.423s] Level 5:colcon.colcon_core.verb:set package 'differential_robot' build argument 'cmake_force_configure' from command line to 'False'
[0.423s] Level 5:colcon.colcon_core.verb:set package 'differential_robot' build argument 'ament_cmake_args' from command line to 'None'
[0.423s] Level 5:colcon.colcon_core.verb:set package 'differential_robot' build argument 'catkin_cmake_args' from command line to 'None'
[0.423s] Level 5:colcon.colcon_core.verb:set package 'differential_robot' build argument 'catkin_skip_building_tests' from command line to 'False'
[0.423s] DEBUG:colcon.colcon_core.verb:Building package 'differential_robot' with the following arguments: {'ament_cmake_args': None, 'build_base': '/home/robotica/Downloads/Taller1/taller1_grupo_4/ros2_ws/build/differential_robot', 'catkin_cmake_args': None, 'catkin_skip_building_tests': False, 'cmake_args': None, 'cmake_clean_cache': False, 'cmake_clean_first': False, 'cmake_force_configure': False, 'cmake_target': None, 'cmake_target_skip_unavailable': False, 'install_base': '/home/robotica/Downloads/Taller1/taller1_grupo_4/ros2_ws/install/differential_robot', 'merge_install': False, 'path': '/home/robotica/Downloads/Taller1/taller1_grupo_4/ros2_ws/src/differential_robot', 'symlink_install': True, 'test_result_base': None}
[0.423s] INFO:colcon.colcon_core.executor:Executing jobs using 'parallel' executor
[0.425s] DEBUG:colcon.colcon_parallel_executor.executor.parallel:run_until_complete
[0.425s] INFO:colcon.colcon_ros.task.ament_python.build:Building ROS package in '/home/robotica/Downloads/Taller1/taller1_grupo_4/ros2_ws/src/differential_robot' with build type 'ament_python'
[0.425s] Level 1:colcon.colcon_core.shell:create_environment_hook('differential_robot', 'ament_prefix_path')
[0.428s] INFO:colcon.colcon_core.plugin_system:Skipping extension 'colcon_core.shell.bat': Not used on non-Windows systems
[0.428s] INFO:colcon.colcon_core.shell:Creating environment hook '/home/robotica/Downloads/Taller1/taller1_grupo_4/ros2_ws/install/differential_robot/share/differential_robot/hook/ament_prefix_path.ps1'
[0.429s] INFO:colcon.colcon_core.shell:Creating environment descriptor '/home/robotica/Downloads/Taller1/taller1_grupo_4/ros2_ws/install/differential_robot/share/differential_robot/hook/ament_prefix_path.dsv'
[0.430s] INFO:colcon.colcon_core.shell:Creating environment hook '/home/robotica/Downloads/Taller1/taller1_grupo_4/ros2_ws/install/differential_robot/share/differential_robot/hook/ament_prefix_path.sh'
[0.431s] INFO:colcon.colcon_core.shell:Skip shell extension 'powershell' for command environment: Not usable outside of PowerShell
[0.431s] DEBUG:colcon.colcon_core.shell:Skip shell extension 'dsv' for command environment
[0.755s] INFO:colcon.colcon_core.task.python.build:Building Python package in '/home/robotica/Downloads/Taller1/taller1_grupo_4/ros2_ws/src/differential_robot'
[0.756s] INFO:colcon.colcon_core.shell:Skip shell extension 'powershell' for command environment: Not usable outside of PowerShell
[0.756s] DEBUG:colcon.colcon_core.shell:Skip shell extension 'dsv' for command environment
[1.136s] DEBUG:colcon.colcon_core.event_handler.log_command:Invoking command in '/home/robotica/Downloads/Taller1/taller1_grupo_4/ros2_ws/build/differential_robot': PYTHONPATH=/home/robotica/Downloads/Taller1/taller1_grupo_4/ros2_ws/build/differential_robot/prefix_override:/usr/lib/python3/dist-packages/colcon_core/task/python/colcon_distutils_commands:/home/robotica/Downloads/Taller1/taller1_grupo_4/ros2_ws/install/differential_robot/lib/python3.10/site-packages:${PYTHONPATH} /usr/bin/python3 -W ignore:setup.py install is deprecated -W ignore:easy_install command is deprecated setup.py develop --editable --build-directory /home/robotica/Downloads/Taller1/taller1_grupo_4/ros2_ws/build/differential_robot/build --no-deps symlink_data
[1.685s] Level 1:colcon.colcon_core.shell:create_environment_hook('differential_robot', 'pythonpath_develop')
[1.685s] INFO:colcon.colcon_core.shell:Creating environment hook '/home/robotica/Downloads/Taller1/taller1_grupo_4/ros2_ws/build/differential_robot/share/differential_robot/hook/pythonpath_develop.ps1'
[1.686s] DEBUG:colcon.colcon_core.event_handler.log_command:Invoked command in '/home/robotica/Downloads/Taller1/taller1_grupo_4/ros2_ws/build/differential_robot' returned '0': PYTHONPATH=/home/robotica/Downloads/Taller1/taller1_grupo_4/ros2_ws/build/differential_robot/prefix_override:/usr/lib/python3/dist-packages/colcon_core/task/python/colcon_distutils_commands:/home/robotica/Downloads/Taller1/taller1_grupo_4/ros2_ws/install/differential_robot/lib/python3.10/site-packages:${PYTHONPATH} /usr/bin/python3 -W ignore:setup.py install is deprecated -W ignore:easy_install command is deprecated setup.py develop --editable --build-directory /home/robotica/Downloads/Taller1/taller1_grupo_4/ros2_ws/build/differential_robot/build --no-deps symlink_data
[1.689s] INFO:colcon.colcon_core.shell:Creating environment descriptor '/home/robotica/Downloads/Taller1/taller1_grupo_4/ros2_ws/build/differential_robot/share/differential_robot/hook/pythonpath_develop.dsv'
[1.691s] INFO:colcon.colcon_core.shell:Creating environment hook '/home/robotica/Downloads/Taller1/taller1_grupo_4/ros2_ws/build/differential_robot/share/differential_robot/hook/pythonpath_develop.sh'
[1.703s] Level 1:colcon.colcon_core.environment:checking '/home/robotica/Downloads/Taller1/taller1_grupo_4/ros2_ws/install/differential_robot' for CMake module files
[1.704s] Level 1:colcon.colcon_core.environment:checking '/home/robotica/Downloads/Taller1/taller1_grupo_4/ros2_ws/install/differential_robot' for CMake config files
[1.706s] Level 1:colcon.colcon_core.environment:checking '/home/robotica/Downloads/Taller1/taller1_grupo_4/ros2_ws/install/differential_robot/lib'
[1.706s] Level 1:colcon.colcon_core.environment:checking '/home/robotica/Downloads/Taller1/taller1_grupo_4/ros2_ws/install/differential_robot/bin'
[1.706s] Level 1:colcon.colcon_core.environment:checking '/home/robotica/Downloads/Taller1/taller1_grupo_4/ros2_ws/install/differential_robot/lib/pkgconfig/differential_robot.pc'
[1.707s] Level 1:colcon.colcon_core.environment:checking '/home/robotica/Downloads/Taller1/taller1_grupo_4/ros2_ws/install/differential_robot/lib/python3.10/site-packages'
[1.707s] Level 1:colcon.colcon_core.shell:create_environment_hook('differential_robot', 'pythonpath')
[1.708s] INFO:colcon.colcon_core.shell:Creating environment hook '/home/robotica/Downloads/Taller1/taller1_grupo_4/ros2_ws/install/differential_robot/share/differential_robot/hook/pythonpath.ps1'
[1.710s] INFO:colcon.colcon_core.shell:Creating environment descriptor '/home/robotica/Downloads/Taller1/taller1_grupo_4/ros2_ws/install/differential_robot/share/differential_robot/hook/pythonpath.dsv'
[1.711s] INFO:colcon.colcon_core.shell:Creating environment hook '/home/robotica/Downloads/Taller1/taller1_grupo_4/ros2_ws/install/differential_robot/share/differential_robot/hook/pythonpath.sh'
[1.712s] Level 1:colcon.colcon_core.environment:checking '/home/robotica/Downloads/Taller1/taller1_grupo_4/ros2_ws/install/differential_robot/bin'
[1.712s] Level 1:colcon.colcon_core.environment:create_environment_scripts_only(differential_robot)
[1.713s] INFO:colcon.colcon_core.shell:Creating package script '/home/robotica/Downloads/Taller1/taller1_grupo_4/ros2_ws/install/differential_robot/share/differential_robot/package.ps1'
[1.715s] INFO:colcon.colcon_core.shell:Creating package descriptor '/home/robotica/Downloads/Taller1/taller1_grupo_4/ros2_ws/install/differential_robot/share/differential_robot/package.dsv'
[1.716s] INFO:colcon.colcon_core.shell:Creating package script '/home/robotica/Downloads/Taller1/taller1_grupo_4/ros2_ws/install/differential_robot/share/differential_robot/package.sh'
[1.719s] INFO:colcon.colcon_core.shell:Creating package script '/home/robotica/Downloads/Taller1/taller1_grupo_4/ros2_ws/install/differential_robot/share/differential_robot/package.bash'
[1.721s] INFO:colcon.colcon_core.shell:Creating package script '/home/robotica/Downloads/Taller1/taller1_grupo_4/ros2_ws/install/differential_robot/share/differential_robot/package.zsh'
[1.722s] Level 1:colcon.colcon_core.environment:create_file_with_runtime_dependencies(/home/robotica/Downloads/Taller1/taller1_grupo_4/ros2_ws/install/differential_robot/share/colcon-core/packages/differential_robot)
[1.723s] DEBUG:colcon.colcon_parallel_executor.executor.parallel:closing loop
[1.725s] DEBUG:colcon.colcon_parallel_executor.executor.parallel:loop closed
[1.726s] DEBUG:colcon.colcon_parallel_executor.executor.parallel:run_until_complete finished with '0'
[1.726s] DEBUG:colcon.colcon_core.event_reactor:joining thread
[1.734s] INFO:colcon.colcon_core.plugin_system:Skipping extension 'colcon_notification.desktop_notification.terminal_notifier': Not used on non-Darwin systems
[1.734s] INFO:colcon.colcon_core.plugin_system:Skipping extension 'colcon_notification.desktop_notification.win32': Not used on non-Windows systems
[1.734s] INFO:colcon.colcon_notification.desktop_notification:Sending desktop notification using 'notify2'
[1.757s] DEBUG:colcon.colcon_core.event_reactor:joined thread
[1.757s] INFO:colcon.colcon_core.shell:Creating prefix script '/home/robotica/Downloads/Taller1/taller1_grupo_4/ros2_ws/install/local_setup.ps1'
[1.761s] INFO:colcon.colcon_core.shell:Creating prefix util module '/home/robotica/Downloads/Taller1/taller1_grupo_4/ros2_ws/install/_local_setup_util_ps1.py'
[1.764s] INFO:colcon.colcon_core.shell:Creating prefix chain script '/home/robotica/Downloads/Taller1/taller1_grupo_4/ros2_ws/install/setup.ps1'
[1.768s] INFO:colcon.colcon_core.shell:Creating prefix script '/home/robotica/Downloads/Taller1/taller1_grupo_4/ros2_ws/install/local_setup.sh'
[1.769s] INFO:colcon.colcon_core.shell:Creating prefix util module '/home/robotica/Downloads/Taller1/taller1_grupo_4/ros2_ws/install/_local_setup_util_sh.py'
[1.772s] INFO:colcon.colcon_core.shell:Creating prefix chain script '/home/robotica/Downloads/Taller1/taller1_grupo_4/ros2_ws/install/setup.sh'
[1.774s] INFO:colcon.colcon_core.shell:Creating prefix script '/home/robotica/Downloads/Taller1/taller1_grupo_4/ros2_ws/install/local_setup.bash'
[1.776s] INFO:colcon.colcon_core.shell:Creating prefix chain script '/home/robotica/Downloads/Taller1/taller1_grupo_4/ros2_ws/install/setup.bash'
[1.778s] INFO:colcon.colcon_core.shell:Creating prefix script '/home/robotica/Downloads/Taller1/taller1_grupo_4/ros2_ws/install/local_setup.zsh'
[1.779s] INFO:colcon.colcon_core.shell:Creating prefix chain script '/home/robotica/Downloads/Taller1/taller1_grupo_4/ros2_ws/install/setup.zsh'
