[2.156s] DEBUG:colcon:Command line arguments: ['/usr/bin/colcon', 'build', '--symlink-install']
[2.156s] DEBUG:colcon:Parsed command line arguments: Namespace(log_base=None, log_level=None, verb_name='build', build_base='build', install_base='install', merge_install=False, symlink_install=True, test_result_base=None, continue_on_error=False, executor='parallel', parallel_workers=2, event_handlers=None, ignore_user_meta=False, metas=['./colcon.meta'], base_paths=['.'], packages_ignore=None, packages_ignore_regex=None, paths=None, packages_up_to=None, packages_up_to_regex=None, packages_above=None, packages_above_and_dependencies=None, packages_above_depth=None, packages_select_by_dep=None, packages_skip_by_dep=None, packages_skip_up_to=None, packages_select_build_failed=False, packages_skip_build_finished=False, packages_select_test_failures=False, packages_skip_test_passed=False, packages_select=None, packages_skip=None, packages_select_regex=None, packages_skip_regex=None, packages_start=None, packages_end=None, allow_overriding=[], cmake_args=None, cmake_target=None, cmake_target_skip_unavailable=False, cmake_clean_cache=False, cmake_clean_first=False, cmake_force_configure=False, ament_cmake_args=None, catkin_cmake_args=None, catkin_skip_building_tests=False, verb_parser=<colcon_defaults.argument_parser.defaults.DefaultArgumentsDecorator object at 0x77e5b04335b0>, verb_extension=<colcon_core.verb.build.BuildVerb object at 0x77e5b0433010>, main=<bound method BuildVerb.main of <colcon_core.verb.build.BuildVerb object at 0x77e5b0433010>>)
[2.370s] Level 1:colcon.colcon_core.package_discovery:discover_packages(colcon_meta) check parameters
[2.370s] Level 1:colcon.colcon_core.package_discovery:discover_packages(recursive) check parameters
[2.371s] Level 1:colcon.colcon_core.package_discovery:discover_packages(ignore) check parameters
[2.371s] Level 1:colcon.colcon_core.package_discovery:discover_packages(path) check parameters
[2.371s] Level 1:colcon.colcon_core.package_discovery:discover_packages(colcon_meta) discover
[2.371s] Level 1:colcon.colcon_core.package_discovery:discover_packages(recursive) discover
[2.371s] INFO:colcon.colcon_core.package_discovery:Crawling recursively for packages in '/home/robotica/Downloads/Taller1/taller1_grupo_4/ros2_ws'
[2.371s] Level 1:colcon.colcon_core.package_identification:_identify(.) by extensions ['ignore', 'ignore_ament_install']
[2.372s] Level 1:colcon.colcon_core.package_identification:_identify(.) by extension 'ignore'
[2.372s] Level 1:colcon.colcon_core.package_identification:_identify(.) by extension 'ignore_ament_install'
[2.372s] Level 1:colcon.colcon_core.package_identification:_identify(.) by extensions ['colcon_pkg']
[2.372s] Level 1:colcon.colcon_core.package_identification:_identify(.) by extension 'colcon_pkg'
[2.372s] Level 1:colcon.colcon_core.package_identification:_identify(.) by extensions ['colcon_meta']
[2.372s] Level 1:colcon.colcon_core.package_identification:_identify(.) by extension 'colcon_meta'
[2.372s] Level 1:colcon.colcon_core.package_identification:_identify(.) by extensions ['ros']
[2.372s] Level 1:colcon.colcon_core.package_identification:_identify(.) by extension 'ros'
[2.428s] Level 1:colcon.colcon_core.package_identification:_identify(.) by extensions ['cmake', 'python']
[2.428s] Level 1:colcon.colcon_core.package_identification:_identify(.) by extension 'cmake'
[2.428s] Level 1:colcon.colcon_core.package_identification:_identify(.) by extension 'python'
[2.428s] Level 1:colcon.colcon_core.package_identification:_identify(.) by extensions ['python_setup_py']
[2.428s] Level 1:colcon.colcon_core.package_identification:_identify(.) by extension 'python_setup_py'
[2.429s] Level 1:colcon.colcon_core.package_identification:_identify(build) by extensions ['ignore', 'ignore_ament_install']
[2.429s] Level 1:colcon.colcon_core.package_identification:_identify(build) by extension 'ignore'
[2.429s] Level 1:colcon.colcon_core.package_identification:_identify(build) ignored
[2.429s] Level 1:colcon.colcon_core.package_identification:_identify(install) by extensions ['ignore', 'ignore_ament_install']
[2.429s] Level 1:colcon.colcon_core.package_identification:_identify(install) by extension 'ignore'
[2.430s] Level 1:colcon.colcon_core.package_identification:_identify(install) ignored
[2.430s] Level 1:colcon.colcon_core.package_identification:_identify(log) by extensions ['ignore', 'ignore_ament_install']
[2.430s] Level 1:colcon.colcon_core.package_identification:_identify(log) by extension 'ignore'
[2.430s] Level 1:colcon.colcon_core.package_identification:_identify(log) ignored
[2.431s] Level 1:colcon.colcon_core.package_identification:_identify(src) by extensions ['ignore', 'ignore_ament_install']
[2.431s] Level 1:colcon.colcon_core.package_identification:_identify(src) by extension 'ignore'
[2.431s] Level 1:colcon.colcon_core.package_identification:_identify(src) by extension 'ignore_ament_install'
[2.431s] Level 1:colcon.colcon_core.package_identification:_identify(src) by extensions ['colcon_pkg']
[2.431s] Level 1:colcon.colcon_core.package_identification:_identify(src) by extension 'colcon_pkg'
[2.431s] Level 1:colcon.colcon_core.package_identification:_identify(src) by extensions ['colcon_meta']
[2.431s] Level 1:colcon.colcon_core.package_identification:_identify(src) by extension 'colcon_meta'
[2.431s] Level 1:colcon.colcon_core.package_identification:_identify(src) by extensions ['ros']
[2.431s] Level 1:colcon.colcon_core.package_identification:_identify(src) by extension 'ros'
[2.432s] Level 1:colcon.colcon_core.package_identification:_identify(src) by extensions ['cmake', 'python']
[2.432s] Level 1:colcon.colcon_core.package_identification:_identify(src) by extension 'cmake'
[2.432s] Level 1:colcon.colcon_core.package_identification:_identify(src) by extension 'python'
[2.432s] Level 1:colcon.colcon_core.package_identification:_identify(src) by extensions ['python_setup_py']
[2.432s] Level 1:colcon.colcon_core.package_identification:_identify(src) by extension 'python_setup_py'
[2.432s] Level 1:colcon.colcon_core.package_identification:_identify(src/differential_robot) by extensions ['ignore', 'ignore_ament_install']
[2.432s] Level 1:colcon.colcon_core.package_identification:_identify(src/differential_robot) by extension 'ignore'
[2.432s] Level 1:colcon.colcon_core.package_identification:_identify(src/differential_robot) by extension 'ignore_ament_install'
[2.433s] Level 1:colcon.colcon_core.package_identification:_identify(src/differential_robot) by extensions ['colcon_pkg']
[2.433s] Level 1:colcon.colcon_core.package_identification:_identify(src/differential_robot) by extension 'colcon_pkg'
[2.433s] Level 1:colcon.colcon_core.package_identification:_identify(src/differential_robot) by extensions ['colcon_meta']
[2.433s] Level 1:colcon.colcon_core.package_identification:_identify(src/differential_robot) by extension 'colcon_meta'
[2.433s] Level 1:colcon.colcon_core.package_identification:_identify(src/differential_robot) by extensions ['ros']
[2.433s] Level 1:colcon.colcon_core.package_identification:_identify(src/differential_robot) by extension 'ros'
[2.451s] DEBUG:colcon.colcon_core.package_identification:Package 'src/differential_robot' with type 'ros.ament_python' and name 'differential_robot'
[2.451s] Level 1:colcon.colcon_core.package_identification:_identify(src/test_bot) by extensions ['ignore', 'ignore_ament_install']
[2.452s] Level 1:colcon.colcon_core.package_identification:_identify(src/test_bot) by extension 'ignore'
[2.452s] Level 1:colcon.colcon_core.package_identification:_identify(src/test_bot) by extension 'ignore_ament_install'
[2.452s] Level 1:colcon.colcon_core.package_identification:_identify(src/test_bot) by extensions ['colcon_pkg']
[2.452s] Level 1:colcon.colcon_core.package_identification:_identify(src/test_bot) by extension 'colcon_pkg'
[2.452s] Level 1:colcon.colcon_core.package_identification:_identify(src/test_bot) by extensions ['colcon_meta']
[2.452s] Level 1:colcon.colcon_core.package_identification:_identify(src/test_bot) by extension 'colcon_meta'
[2.452s] Level 1:colcon.colcon_core.package_identification:_identify(src/test_bot) by extensions ['ros']
[2.453s] Level 1:colcon.colcon_core.package_identification:_identify(src/test_bot) by extension 'ros'
[2.453s] Level 1:colcon.colcon_core.package_identification:_identify(src/test_bot) by extensions ['cmake', 'python']
[2.453s] Level 1:colcon.colcon_core.package_identification:_identify(src/test_bot) by extension 'cmake'
[2.453s] Level 1:colcon.colcon_core.package_identification:_identify(src/test_bot) by extension 'python'
[2.453s] Level 1:colcon.colcon_core.package_identification:_identify(src/test_bot) by extensions ['python_setup_py']
[2.453s] Level 1:colcon.colcon_core.package_identification:_identify(src/test_bot) by extension 'python_setup_py'
[2.453s] Level 1:colcon.colcon_core.package_identification:_identify(src/test_bot/src) by extensions ['ignore', 'ignore_ament_install']
[2.454s] Level 1:colcon.colcon_core.package_identification:_identify(src/test_bot/src) by extension 'ignore'
[2.454s] Level 1:colcon.colcon_core.package_identification:_identify(src/test_bot/src) by extension 'ignore_ament_install'
[2.454s] Level 1:colcon.colcon_core.package_identification:_identify(src/test_bot/src) by extensions ['colcon_pkg']
[2.454s] Level 1:colcon.colcon_core.package_identification:_identify(src/test_bot/src) by extension 'colcon_pkg'
[2.454s] Level 1:colcon.colcon_core.package_identification:_identify(src/test_bot/src) by extensions ['colcon_meta']
[2.454s] Level 1:colcon.colcon_core.package_identification:_identify(src/test_bot/src) by extension 'colcon_meta'
[2.454s] Level 1:colcon.colcon_core.package_identification:_identify(src/test_bot/src) by extensions ['ros']
[2.454s] Level 1:colcon.colcon_core.package_identification:_identify(src/test_bot/src) by extension 'ros'
[2.455s] Level 1:colcon.colcon_core.package_identification:_identify(src/test_bot/src) by extensions ['cmake', 'python']
[2.455s] Level 1:colcon.colcon_core.package_identification:_identify(src/test_bot/src) by extension 'cmake'
[2.455s] Level 1:colcon.colcon_core.package_identification:_identify(src/test_bot/src) by extension 'python'
[2.455s] Level 1:colcon.colcon_core.package_identification:_identify(src/test_bot/src) by extensions ['python_setup_py']
[2.455s] Level 1:colcon.colcon_core.package_identification:_identify(src/test_bot/src) by extension 'python_setup_py'
[2.455s] Level 1:colcon.colcon_core.package_identification:_identify(src/test_bot/src/lab_robotica) by extensions ['ignore', 'ignore_ament_install']
[2.456s] Level 1:colcon.colcon_core.package_identification:_identify(src/test_bot/src/lab_robotica) by extension 'ignore'
[2.456s] Level 1:colcon.colcon_core.package_identification:_identify(src/test_bot/src/lab_robotica) by extension 'ignore_ament_install'
[2.456s] Level 1:colcon.colcon_core.package_identification:_identify(src/test_bot/src/lab_robotica) by extensions ['colcon_pkg']
[2.456s] Level 1:colcon.colcon_core.package_identification:_identify(src/test_bot/src/lab_robotica) by extension 'colcon_pkg'
[2.457s] Level 1:colcon.colcon_core.package_identification:_identify(src/test_bot/src/lab_robotica) by extensions ['colcon_meta']
[2.457s] Level 1:colcon.colcon_core.package_identification:_identify(src/test_bot/src/lab_robotica) by extension 'colcon_meta'
[2.457s] Level 1:colcon.colcon_core.package_identification:_identify(src/test_bot/src/lab_robotica) by extensions ['ros']
[2.457s] Level 1:colcon.colcon_core.package_identification:_identify(src/test_bot/src/lab_robotica) by extension 'ros'
[2.458s] DEBUG:colcon.colcon_core.package_identification:Package 'src/test_bot/src/lab_robotica' with type 'ros.ament_python' and name 'lab_robotica'
[2.459s] Level 1:colcon.colcon_core.package_discovery:discover_packages(recursive) using defaults
[2.459s] Level 1:colcon.colcon_core.package_discovery:discover_packages(ignore) discover
[2.459s] Level 1:colcon.colcon_core.package_discovery:discover_packages(ignore) using defaults
[2.459s] Level 1:colcon.colcon_core.package_discovery:discover_packages(path) discover
[2.459s] Level 1:colcon.colcon_core.package_discovery:discover_packages(path) using defaults
[2.503s] Level 1:colcon.colcon_core.package_discovery:discover_packages(prefix_path) check parameters
[2.503s] Level 1:colcon.colcon_core.package_discovery:discover_packages(prefix_path) discover
[2.536s] DEBUG:colcon.colcon_installed_package_information.package_discovery:Found 1 installed packages in /home/robotica/Downloads/Taller1/taller1_grupo_4/ros2_ws/install
[2.537s] DEBUG:colcon.colcon_installed_package_information.package_discovery:Found 1 installed packages in /home/robotica/ros2_ws/install
[2.538s] DEBUG:colcon.colcon_installed_package_information.package_discovery:Found 270 installed packages in /opt/ros/humble
[2.542s] Level 1:colcon.colcon_core.package_discovery:discover_packages(prefix_path) using defaults
[2.657s] Level 5:colcon.colcon_core.verb:set package 'differential_robot' build argument 'cmake_args' from command line to 'None'
[2.657s] Level 5:colcon.colcon_core.verb:set package 'differential_robot' build argument 'cmake_target' from command line to 'None'
[2.657s] Level 5:colcon.colcon_core.verb:set package 'differential_robot' build argument 'cmake_target_skip_unavailable' from command line to 'False'
[2.657s] Level 5:colcon.colcon_core.verb:set package 'differential_robot' build argument 'cmake_clean_cache' from command line to 'False'
[2.657s] Level 5:colcon.colcon_core.verb:set package 'differential_robot' build argument 'cmake_clean_first' from command line to 'False'
[2.657s] Level 5:colcon.colcon_core.verb:set package 'differential_robot' build argument 'cmake_force_configure' from command line to 'False'
[2.658s] Level 5:colcon.colcon_core.verb:set package 'differential_robot' build argument 'ament_cmake_args' from command line to 'None'
[2.658s] Level 5:colcon.colcon_core.verb:set package 'differential_robot' build argument 'catkin_cmake_args' from command line to 'None'
[2.658s] Level 5:colcon.colcon_core.verb:set package 'differential_robot' build argument 'catkin_skip_building_tests' from command line to 'False'
[2.658s] DEBUG:colcon.colcon_core.verb:Building package 'differential_robot' with the following arguments: {'ament_cmake_args': None, 'build_base': '/home/robotica/Downloads/Taller1/taller1_grupo_4/ros2_ws/build/differential_robot', 'catkin_cmake_args': None, 'catkin_skip_building_tests': False, 'cmake_args': None, 'cmake_clean_cache': False, 'cmake_clean_first': False, 'cmake_force_configure': False, 'cmake_target': None, 'cmake_target_skip_unavailable': False, 'install_base': '/home/robotica/Downloads/Taller1/taller1_grupo_4/ros2_ws/install/differential_robot', 'merge_install': False, 'path': '/home/robotica/Downloads/Taller1/taller1_grupo_4/ros2_ws/src/differential_robot', 'symlink_install': True, 'test_result_base': None}
[2.658s] Level 5:colcon.colcon_core.verb:set package 'lab_robotica' build argument 'cmake_args' from command line to 'None'
[2.658s] Level 5:colcon.colcon_core.verb:set package 'lab_robotica' build argument 'cmake_target' from command line to 'None'
[2.658s] Level 5:colcon.colcon_core.verb:set package 'lab_robotica' build argument 'cmake_target_skip_unavailable' from command line to 'False'
[2.658s] Level 5:colcon.colcon_core.verb:set package 'lab_robotica' build argument 'cmake_clean_cache' from command line to 'False'
[2.658s] Level 5:colcon.colcon_core.verb:set package 'lab_robotica' build argument 'cmake_clean_first' from command line to 'False'
[2.658s] Level 5:colcon.colcon_core.verb:set package 'lab_robotica' build argument 'cmake_force_configure' from command line to 'False'
[2.658s] Level 5:colcon.colcon_core.verb:set package 'lab_robotica' build argument 'ament_cmake_args' from command line to 'None'
[2.658s] Level 5:colcon.colcon_core.verb:set package 'lab_robotica' build argument 'catkin_cmake_args' from command line to 'None'
[2.658s] Level 5:colcon.colcon_core.verb:set package 'lab_robotica' build argument 'catkin_skip_building_tests' from command line to 'False'
[2.658s] DEBUG:colcon.colcon_core.verb:Building package 'lab_robotica' with the following arguments: {'ament_cmake_args': None, 'build_base': '/home/robotica/Downloads/Taller1/taller1_grupo_4/ros2_ws/build/lab_robotica', 'catkin_cmake_args': None, 'catkin_skip_building_tests': False, 'cmake_args': None, 'cmake_clean_cache': False, 'cmake_clean_first': False, 'cmake_force_configure': False, 'cmake_target': None, 'cmake_target_skip_unavailable': False, 'install_base': '/home/robotica/Downloads/Taller1/taller1_grupo_4/ros2_ws/install/lab_robotica', 'merge_install': False, 'path': '/home/robotica/Downloads/Taller1/taller1_grupo_4/ros2_ws/src/test_bot/src/lab_robotica', 'symlink_install': True, 'test_result_base': None}
[2.659s] INFO:colcon.colcon_core.executor:Executing jobs using 'parallel' executor
[2.660s] DEBUG:colcon.colcon_parallel_executor.executor.parallel:run_until_complete
[2.660s] INFO:colcon.colcon_ros.task.ament_python.build:Building ROS package in '/home/robotica/Downloads/Taller1/taller1_grupo_4/ros2_ws/src/differential_robot' with build type 'ament_python'
[2.660s] Level 1:colcon.colcon_core.shell:create_environment_hook('differential_robot', 'ament_prefix_path')
[2.766s] INFO:colcon.colcon_core.plugin_system:Skipping extension 'colcon_core.shell.bat': Not used on non-Windows systems
[2.768s] INFO:colcon.colcon_core.shell:Creating environment hook '/home/robotica/Downloads/Taller1/taller1_grupo_4/ros2_ws/install/differential_robot/share/differential_robot/hook/ament_prefix_path.ps1'
[2.780s] INFO:colcon.colcon_core.shell:Creating environment descriptor '/home/robotica/Downloads/Taller1/taller1_grupo_4/ros2_ws/install/differential_robot/share/differential_robot/hook/ament_prefix_path.dsv'
[2.796s] INFO:colcon.colcon_core.shell:Creating environment hook '/home/robotica/Downloads/Taller1/taller1_grupo_4/ros2_ws/install/differential_robot/share/differential_robot/hook/ament_prefix_path.sh'
[2.872s] INFO:colcon.colcon_core.shell:Skip shell extension 'powershell' for command environment: Not usable outside of PowerShell
[2.872s] DEBUG:colcon.colcon_core.shell:Skip shell extension 'dsv' for command environment
[2.894s] INFO:colcon.colcon_ros.task.ament_python.build:Building ROS package in '/home/robotica/Downloads/Taller1/taller1_grupo_4/ros2_ws/src/test_bot/src/lab_robotica' with build type 'ament_python'
[2.895s] Level 1:colcon.colcon_core.shell:create_environment_hook('lab_robotica', 'ament_prefix_path')
[2.896s] INFO:colcon.colcon_core.shell:Creating environment hook '/home/robotica/Downloads/Taller1/taller1_grupo_4/ros2_ws/install/lab_robotica/share/lab_robotica/hook/ament_prefix_path.ps1'
[2.896s] INFO:colcon.colcon_core.shell:Creating environment descriptor '/home/robotica/Downloads/Taller1/taller1_grupo_4/ros2_ws/install/lab_robotica/share/lab_robotica/hook/ament_prefix_path.dsv'
[2.897s] INFO:colcon.colcon_core.shell:Creating environment hook '/home/robotica/Downloads/Taller1/taller1_grupo_4/ros2_ws/install/lab_robotica/share/lab_robotica/hook/ament_prefix_path.sh'
[2.900s] INFO:colcon.colcon_core.shell:Skip shell extension 'powershell' for command environment: Not usable outside of PowerShell
[2.900s] DEBUG:colcon.colcon_core.shell:Skip shell extension 'dsv' for command environment
[3.813s] INFO:colcon.colcon_core.task.python.build:Building Python package in '/home/robotica/Downloads/Taller1/taller1_grupo_4/ros2_ws/src/differential_robot'
[3.813s] INFO:colcon.colcon_core.shell:Skip shell extension 'powershell' for command environment: Not usable outside of PowerShell
[3.814s] DEBUG:colcon.colcon_core.shell:Skip shell extension 'dsv' for command environment
[4.208s] WARNING:colcon.colcon_ros.task.ament_python.build:Package 'lab_robotica' doesn't explicitly install a marker in the package index (colcon-ros currently does it implicitly but that fallback will be removed in the future)
[4.211s] WARNING:colcon.colcon_ros.task.ament_python.build:Package 'lab_robotica' doesn't explicitly install the 'package.xml' file (colcon-ros currently does it implicitly but that fallback will be removed in the future)
[4.212s] INFO:colcon.colcon_core.task.python.build:Building Python package in '/home/robotica/Downloads/Taller1/taller1_grupo_4/ros2_ws/src/test_bot/src/lab_robotica'
[4.214s] INFO:colcon.colcon_core.shell:Skip shell extension 'powershell' for command environment: Not usable outside of PowerShell
[4.215s] DEBUG:colcon.colcon_core.shell:Skip shell extension 'dsv' for command environment
[5.337s] DEBUG:colcon.colcon_core.event_handler.log_command:Invoking command in '/home/robotica/Downloads/Taller1/taller1_grupo_4/ros2_ws/build/differential_robot': PYTHONPATH=/home/robotica/Downloads/Taller1/taller1_grupo_4/ros2_ws/build/differential_robot/prefix_override:/usr/lib/python3/dist-packages/colcon_core/task/python/colcon_distutils_commands:/home/robotica/Downloads/Taller1/taller1_grupo_4/ros2_ws/install/differential_robot/lib/python3.10/site-packages:${PYTHONPATH} /usr/bin/python3 -W ignore:setup.py install is deprecated -W ignore:easy_install command is deprecated setup.py develop --editable --build-directory /home/robotica/Downloads/Taller1/taller1_grupo_4/ros2_ws/build/differential_robot/build --no-deps symlink_data
[5.368s] DEBUG:colcon.colcon_core.event_handler.log_command:Invoking command in '/home/robotica/Downloads/Taller1/taller1_grupo_4/ros2_ws/build/lab_robotica': PYTHONPATH=/home/robotica/Downloads/Taller1/taller1_grupo_4/ros2_ws/build/lab_robotica/prefix_override:/usr/lib/python3/dist-packages/colcon_core/task/python/colcon_distutils_commands:/home/robotica/Downloads/Taller1/taller1_grupo_4/ros2_ws/install/lab_robotica/lib/python3.10/site-packages:${PYTHONPATH} /usr/bin/python3 -W ignore:setup.py install is deprecated -W ignore:easy_install command is deprecated setup.py develop --editable --build-directory /home/robotica/Downloads/Taller1/taller1_grupo_4/ros2_ws/build/lab_robotica/build --no-deps symlink_data
[6.282s] Level 1:colcon.colcon_core.shell:create_environment_hook('differential_robot', 'pythonpath_develop')
[6.283s] INFO:colcon.colcon_core.shell:Creating environment hook '/home/robotica/Downloads/Taller1/taller1_grupo_4/ros2_ws/build/differential_robot/share/differential_robot/hook/pythonpath_develop.ps1'
[6.285s] DEBUG:colcon.colcon_core.event_handler.log_command:Invoked command in '/home/robotica/Downloads/Taller1/taller1_grupo_4/ros2_ws/build/differential_robot' returned '0': PYTHONPATH=/home/robotica/Downloads/Taller1/taller1_grupo_4/ros2_ws/build/differential_robot/prefix_override:/usr/lib/python3/dist-packages/colcon_core/task/python/colcon_distutils_commands:/home/robotica/Downloads/Taller1/taller1_grupo_4/ros2_ws/install/differential_robot/lib/python3.10/site-packages:${PYTHONPATH} /usr/bin/python3 -W ignore:setup.py install is deprecated -W ignore:easy_install command is deprecated setup.py develop --editable --build-directory /home/robotica/Downloads/Taller1/taller1_grupo_4/ros2_ws/build/differential_robot/build --no-deps symlink_data
[6.289s] INFO:colcon.colcon_core.shell:Creating environment descriptor '/home/robotica/Downloads/Taller1/taller1_grupo_4/ros2_ws/build/differential_robot/share/differential_robot/hook/pythonpath_develop.dsv'
[6.291s] INFO:colcon.colcon_core.shell:Creating environment hook '/home/robotica/Downloads/Taller1/taller1_grupo_4/ros2_ws/build/differential_robot/share/differential_robot/hook/pythonpath_develop.sh'
[6.312s] Level 1:colcon.colcon_core.environment:checking '/home/robotica/Downloads/Taller1/taller1_grupo_4/ros2_ws/install/differential_robot' for CMake module files
[6.313s] Level 1:colcon.colcon_core.environment:checking '/home/robotica/Downloads/Taller1/taller1_grupo_4/ros2_ws/install/differential_robot' for CMake config files
[6.315s] Level 1:colcon.colcon_core.environment:checking '/home/robotica/Downloads/Taller1/taller1_grupo_4/ros2_ws/install/differential_robot/lib'
[6.316s] Level 1:colcon.colcon_core.environment:checking '/home/robotica/Downloads/Taller1/taller1_grupo_4/ros2_ws/install/differential_robot/bin'
[6.317s] Level 1:colcon.colcon_core.environment:checking '/home/robotica/Downloads/Taller1/taller1_grupo_4/ros2_ws/install/differential_robot/lib/pkgconfig/differential_robot.pc'
[6.318s] Level 1:colcon.colcon_core.environment:checking '/home/robotica/Downloads/Taller1/taller1_grupo_4/ros2_ws/install/differential_robot/lib/python3.10/site-packages'
[6.318s] Level 1:colcon.colcon_core.shell:create_environment_hook('differential_robot', 'pythonpath')
[6.318s] INFO:colcon.colcon_core.shell:Creating environment hook '/home/robotica/Downloads/Taller1/taller1_grupo_4/ros2_ws/install/differential_robot/share/differential_robot/hook/pythonpath.ps1'
[6.320s] INFO:colcon.colcon_core.shell:Creating environment descriptor '/home/robotica/Downloads/Taller1/taller1_grupo_4/ros2_ws/install/differential_robot/share/differential_robot/hook/pythonpath.dsv'
[6.323s] INFO:colcon.colcon_core.shell:Creating environment hook '/home/robotica/Downloads/Taller1/taller1_grupo_4/ros2_ws/install/differential_robot/share/differential_robot/hook/pythonpath.sh'
[6.327s] Level 1:colcon.colcon_core.environment:checking '/home/robotica/Downloads/Taller1/taller1_grupo_4/ros2_ws/install/differential_robot/bin'
[6.328s] Level 1:colcon.colcon_core.environment:create_environment_scripts_only(differential_robot)
[6.331s] INFO:colcon.colcon_core.shell:Creating package script '/home/robotica/Downloads/Taller1/taller1_grupo_4/ros2_ws/install/differential_robot/share/differential_robot/package.ps1'
[6.339s] INFO:colcon.colcon_core.shell:Creating package descriptor '/home/robotica/Downloads/Taller1/taller1_grupo_4/ros2_ws/install/differential_robot/share/differential_robot/package.dsv'
[6.343s] INFO:colcon.colcon_core.shell:Creating package script '/home/robotica/Downloads/Taller1/taller1_grupo_4/ros2_ws/install/differential_robot/share/differential_robot/package.sh'
[6.347s] INFO:colcon.colcon_core.shell:Creating package script '/home/robotica/Downloads/Taller1/taller1_grupo_4/ros2_ws/install/differential_robot/share/differential_robot/package.bash'
[6.352s] INFO:colcon.colcon_core.shell:Creating package script '/home/robotica/Downloads/Taller1/taller1_grupo_4/ros2_ws/install/differential_robot/share/differential_robot/package.zsh'
[6.356s] Level 1:colcon.colcon_core.environment:create_file_with_runtime_dependencies(/home/robotica/Downloads/Taller1/taller1_grupo_4/ros2_ws/install/differential_robot/share/colcon-core/packages/differential_robot)
[6.361s] DEBUG:colcon.colcon_core.event_handler.log_command:Invoked command in '/home/robotica/Downloads/Taller1/taller1_grupo_4/ros2_ws/build/lab_robotica' returned '1': PYTHONPATH=/home/robotica/Downloads/Taller1/taller1_grupo_4/ros2_ws/build/lab_robotica/prefix_override:/usr/lib/python3/dist-packages/colcon_core/task/python/colcon_distutils_commands:/home/robotica/Downloads/Taller1/taller1_grupo_4/ros2_ws/install/lab_robotica/lib/python3.10/site-packages:${PYTHONPATH} /usr/bin/python3 -W ignore:setup.py install is deprecated -W ignore:easy_install command is deprecated setup.py develop --editable --build-directory /home/robotica/Downloads/Taller1/taller1_grupo_4/ros2_ws/build/lab_robotica/build --no-deps symlink_data
[6.369s] DEBUG:colcon.colcon_parallel_executor.executor.parallel:closing loop
[6.370s] DEBUG:colcon.colcon_parallel_executor.executor.parallel:loop closed
[6.370s] DEBUG:colcon.colcon_parallel_executor.executor.parallel:run_until_complete finished with '1'
[6.370s] DEBUG:colcon.colcon_core.event_reactor:joining thread
[6.389s] INFO:colcon.colcon_core.plugin_system:Skipping extension 'colcon_notification.desktop_notification.terminal_notifier': Not used on non-Darwin systems
[6.389s] INFO:colcon.colcon_core.plugin_system:Skipping extension 'colcon_notification.desktop_notification.win32': Not used on non-Windows systems
[6.389s] INFO:colcon.colcon_notification.desktop_notification:Sending desktop notification using 'notify2'
[6.428s] DEBUG:colcon.colcon_core.event_reactor:joined thread
[6.429s] INFO:colcon.colcon_core.shell:Creating prefix script '/home/robotica/Downloads/Taller1/taller1_grupo_4/ros2_ws/install/local_setup.ps1'
[6.433s] INFO:colcon.colcon_core.shell:Creating prefix util module '/home/robotica/Downloads/Taller1/taller1_grupo_4/ros2_ws/install/_local_setup_util_ps1.py'
[6.438s] INFO:colcon.colcon_core.shell:Creating prefix chain script '/home/robotica/Downloads/Taller1/taller1_grupo_4/ros2_ws/install/setup.ps1'
[6.442s] INFO:colcon.colcon_core.shell:Creating prefix script '/home/robotica/Downloads/Taller1/taller1_grupo_4/ros2_ws/install/local_setup.sh'
[6.444s] INFO:colcon.colcon_core.shell:Creating prefix util module '/home/robotica/Downloads/Taller1/taller1_grupo_4/ros2_ws/install/_local_setup_util_sh.py'
[6.447s] INFO:colcon.colcon_core.shell:Creating prefix chain script '/home/robotica/Downloads/Taller1/taller1_grupo_4/ros2_ws/install/setup.sh'
[6.451s] INFO:colcon.colcon_core.shell:Creating prefix script '/home/robotica/Downloads/Taller1/taller1_grupo_4/ros2_ws/install/local_setup.bash'
[6.453s] INFO:colcon.colcon_core.shell:Creating prefix chain script '/home/robotica/Downloads/Taller1/taller1_grupo_4/ros2_ws/install/setup.bash'
[6.457s] INFO:colcon.colcon_core.shell:Creating prefix script '/home/robotica/Downloads/Taller1/taller1_grupo_4/ros2_ws/install/local_setup.zsh'
[6.460s] INFO:colcon.colcon_core.shell:Creating prefix chain script '/home/robotica/Downloads/Taller1/taller1_grupo_4/ros2_ws/install/setup.zsh'
